<?xml version="1.0" encoding="UTF-8"?>
<coverage generated="1652299512258" clover="3.2.0">
  <project timestamp="1652299512259" name="All files">
    <metrics statements="63" coveredstatements="62" conditionals="38" coveredconditionals="31" methods="22" coveredmethods="21" elements="123" coveredelements="114" complexity="0" loc="63" ncloc="63" packages="1" files="8" classes="8"/>
    <file name="Bishop.ts" path="C:\Users\Usuario\Documents\Fundacion JALA\Backend\project\chess\src\models\Bishop.ts">
      <metrics statements="8" coveredstatements="8" conditionals="5" coveredconditionals="5" methods="2" coveredmethods="2"/>
      <line num="1" count="1" type="stmt"/>
      <line num="4" count="1" type="stmt"/>
      <line num="6" count="1" type="stmt"/>
      <line num="10" count="4" type="stmt"/>
      <line num="11" count="4" type="stmt"/>
      <line num="12" count="4" type="stmt"/>
      <line num="13" count="4" type="stmt"/>
      <line num="15" count="4" type="cond" truecount="5" falsecount="0"/>
    </file>
    <file name="King.ts" path="C:\Users\Usuario\Documents\Fundacion JALA\Backend\project\chess\src\models\King.ts">
      <metrics statements="7" coveredstatements="7" conditionals="6" coveredconditionals="3" methods="2" coveredmethods="2"/>
      <line num="1" count="1" type="stmt"/>
      <line num="4" count="1" type="stmt"/>
      <line num="6" count="1" type="stmt"/>
      <line num="10" count="5" type="stmt"/>
      <line num="11" count="5" type="stmt"/>
      <line num="12" count="5" type="stmt"/>
      <line num="14" count="5" type="cond" truecount="3" falsecount="3"/>
    </file>
    <file name="Knight.ts" path="C:\Users\Usuario\Documents\Fundacion JALA\Backend\project\chess\src\models\Knight.ts">
      <metrics statements="3" coveredstatements="3" conditionals="4" coveredconditionals="3" methods="1" coveredmethods="1"/>
      <line num="1" count="1" type="stmt"/>
      <line num="4" count="1" type="stmt"/>
      <line num="7" count="4" type="cond" truecount="3" falsecount="1"/>
    </file>
    <file name="Pawn.ts" path="C:\Users\Usuario\Documents\Fundacion JALA\Backend\project\chess\src\models\Pawn.ts">
      <metrics statements="13" coveredstatements="13" conditionals="7" coveredconditionals="7" methods="4" coveredmethods="4"/>
      <line num="1" count="1" type="stmt"/>
      <line num="4" count="1" type="stmt"/>
      <line num="6" count="1" type="stmt"/>
      <line num="7" count="1" type="stmt"/>
      <line num="10" count="1" type="stmt"/>
      <line num="14" count="5" type="stmt"/>
      <line num="15" count="5" type="stmt"/>
      <line num="16" count="5" type="cond" truecount="4" falsecount="0"/>
      <line num="21" count="5" type="cond" truecount="1" falsecount="0"/>
      <line num="22" count="3" type="stmt"/>
      <line num="24" count="5" type="stmt"/>
      <line num="25" count="5" type="stmt"/>
      <line num="27" count="5" type="cond" truecount="2" falsecount="0"/>
    </file>
    <file name="Piece.ts" path="C:\Users\Usuario\Documents\Fundacion JALA\Backend\project\chess\src\models\Piece.ts">
      <metrics statements="13" coveredstatements="12" conditionals="6" coveredconditionals="4" methods="6" coveredmethods="5"/>
      <line num="2" count="6" type="stmt"/>
      <line num="4" count="6" type="stmt"/>
      <line num="7" count="6" type="stmt"/>
      <line num="8" count="6" type="stmt"/>
      <line num="12" count="0" type="stmt"/>
      <line num="17" count="22" type="stmt"/>
      <line num="22" count="17" type="stmt"/>
      <line num="26" count="17" type="stmt"/>
      <line num="27" count="17" type="stmt"/>
      <line num="28" count="17" type="cond" truecount="4" falsecount="0"/>
      <line num="32" count="8" type="stmt"/>
      <line num="33" count="8" type="stmt"/>
      <line num="34" count="8" type="stmt"/>
    </file>
    <file name="Position.ts" path="C:\Users\Usuario\Documents\Fundacion JALA\Backend\project\chess\src\models\Position.ts">
      <metrics statements="4" coveredstatements="4" conditionals="0" coveredconditionals="0" methods="3" coveredmethods="3"/>
      <line num="3" count="6" type="stmt"/>
      <line num="4" count="32" type="stmt"/>
      <line num="6" count="108" type="stmt"/>
      <line num="9" count="106" type="stmt"/>
    </file>
    <file name="Queen.ts" path="C:\Users\Usuario\Documents\Fundacion JALA\Backend\project\chess\src\models\Queen.ts">
      <metrics statements="8" coveredstatements="8" conditionals="7" coveredconditionals="6" methods="2" coveredmethods="2"/>
      <line num="1" count="1" type="stmt"/>
      <line num="4" count="1" type="stmt"/>
      <line num="6" count="1" type="stmt"/>
      <line num="10" count="4" type="stmt"/>
      <line num="11" count="4" type="stmt"/>
      <line num="12" count="4" type="stmt"/>
      <line num="13" count="4" type="stmt"/>
      <line num="15" count="4" type="cond" truecount="6" falsecount="1"/>
    </file>
    <file name="Rook.ts" path="C:\Users\Usuario\Documents\Fundacion JALA\Backend\project\chess\src\models\Rook.ts">
      <metrics statements="7" coveredstatements="7" conditionals="3" coveredconditionals="3" methods="2" coveredmethods="2"/>
      <line num="1" count="1" type="stmt"/>
      <line num="4" count="1" type="stmt"/>
      <line num="6" count="1" type="stmt"/>
      <line num="10" count="4" type="stmt"/>
      <line num="11" count="4" type="stmt"/>
      <line num="12" count="4" type="stmt"/>
      <line num="14" count="4" type="cond" truecount="3" falsecount="0"/>
    </file>
  </project>
</coverage>
