{"C:\\Users\\Usuario\\Documents\\Fundacion JALA\\Backend\\project\\chess\\src\\models\\Bishop.ts": {"path":"C:\\Users\\Usuario\\Documents\\Fundacion JALA\\Backend\\project\\chess\\src\\models\\Bishop.ts","statementMap":{"0":{"start":{"line":1,"column":0},"end":{"line":1,"column":28}},"1":{"start":{"line":6,"column":12},"end":{"line":6,"column":31}},"2":{"start":{"line":10,"column":22},"end":{"line":10,"column":59}},"3":{"start":{"line":11,"column":23},"end":{"line":11,"column":61}},"4":{"start":{"line":12,"column":23},"end":{"line":12,"column":59}},"5":{"start":{"line":13,"column":31},"end":{"line":13,"column":62}},"6":{"start":{"line":15,"column":8},"end":{"line":15,"column":72}},"7":{"start":{"line":4,"column":0},"end":{"line":4,"column":21}}},"fnMap":{"0":{"name":"(anonymous_1)","decl":{"start":{"line":4,"column":0},"end":{"line":4,"column":21}},"loc":{"start":{"line":4,"column":0},"end":{"line":17,"column":1}}},"1":{"name":"(anonymous_2)","decl":{"start":{"line":8,"column":4},"end":{"line":8,"column":11}},"loc":{"start":{"line":8,"column":30},"end":{"line":16,"column":5}}}},"branchMap":{"0":{"loc":{"start":{"line":15,"column":15},"end":{"line":15,"column":71}},"type":"binary-expr","locations":[{"start":{"line":15,"column":16},"end":{"line":15,"column":38}},{"start":{"line":15,"column":42},"end":{"line":15,"column":58}},{"start":{"line":15,"column":63},"end":{"line":15,"column":71}}]},"1":{"loc":{"start":{"line":15,"column":18},"end":{"line":15,"column":37}},"type":"binary-expr","locations":[{"start":{"line":15,"column":18},"end":{"line":15,"column":25}},{"start":{"line":15,"column":29},"end":{"line":15,"column":37}}]}},"s":{"0":1,"1":1,"2":4,"3":4,"4":4,"5":4,"6":4,"7":1},"f":{"0":1,"1":4},"b":{"0":[4,3,1],"1":[4,2]}}
,"C:\\Users\\Usuario\\Documents\\Fundacion JALA\\Backend\\project\\chess\\src\\models\\King.ts": {"path":"C:\\Users\\Usuario\\Documents\\Fundacion JALA\\Backend\\project\\chess\\src\\models\\King.ts","statementMap":{"0":{"start":{"line":1,"column":0},"end":{"line":1,"column":28}},"1":{"start":{"line":6,"column":12},"end":{"line":6,"column":31}},"2":{"start":{"line":10,"column":23},"end":{"line":10,"column":60}},"3":{"start":{"line":11,"column":23},"end":{"line":11,"column":61}},"4":{"start":{"line":12,"column":23},"end":{"line":12,"column":59}},"5":{"start":{"line":14,"column":8},"end":{"line":14,"column":76}},"6":{"start":{"line":4,"column":0},"end":{"line":4,"column":21}}},"fnMap":{"0":{"name":"(anonymous_1)","decl":{"start":{"line":4,"column":0},"end":{"line":4,"column":21}},"loc":{"start":{"line":4,"column":0},"end":{"line":16,"column":1}}},"1":{"name":"(anonymous_2)","decl":{"start":{"line":8,"column":4},"end":{"line":8,"column":11}},"loc":{"start":{"line":8,"column":30},"end":{"line":15,"column":5}}}},"branchMap":{"0":{"loc":{"start":{"line":14,"column":15},"end":{"line":14,"column":75}},"type":"binary-expr","locations":[{"start":{"line":14,"column":16},"end":{"line":14,"column":23}},{"start":{"line":14,"column":28},"end":{"line":14,"column":36}},{"start":{"line":14,"column":40},"end":{"line":14,"column":62}},{"start":{"line":14,"column":67},"end":{"line":14,"column":75}}]},"1":{"loc":{"start":{"line":14,"column":42},"end":{"line":14,"column":61}},"type":"binary-expr","locations":[{"start":{"line":14,"column":42},"end":{"line":14,"column":49}},{"start":{"line":14,"column":53},"end":{"line":14,"column":61}}]}},"s":{"0":1,"1":1,"2":5,"3":5,"4":5,"5":5,"6":1},"f":{"0":1,"1":5},"b":{"0":[5,2,0,5],"1":[0,0]}}
,"C:\\Users\\Usuario\\Documents\\Fundacion JALA\\Backend\\project\\chess\\src\\models\\Knight.ts": {"path":"C:\\Users\\Usuario\\Documents\\Fundacion JALA\\Backend\\project\\chess\\src\\models\\Knight.ts","statementMap":{"0":{"start":{"line":1,"column":0},"end":{"line":1,"column":28}},"1":{"start":{"line":7,"column":8},"end":{"line":11,"column":10}},"2":{"start":{"line":4,"column":0},"end":{"line":4,"column":21}}},"fnMap":{"0":{"name":"(anonymous_1)","decl":{"start":{"line":6,"column":4},"end":{"line":6,"column":11}},"loc":{"start":{"line":6,"column":30},"end":{"line":12,"column":5}}}},"branchMap":{"0":{"loc":{"start":{"line":7,"column":15},"end":{"line":10,"column":null}},"type":"binary-expr","locations":[{"start":{"line":7,"column":16},"end":{"line":7,"column":75}},{"start":{"line":8,"column":12},"end":{"line":8,"column":71}},{"start":{"line":9,"column":13},"end":{"line":9,"column":72}},{"start":{"line":10,"column":12},"end":{"line":10,"column":71}}]}},"s":{"0":1,"1":4,"2":1},"f":{"0":4},"b":{"0":[4,2,2,0]}}
,"C:\\Users\\Usuario\\Documents\\Fundacion JALA\\Backend\\project\\chess\\src\\models\\Pawn.ts": {"path":"C:\\Users\\Usuario\\Documents\\Fundacion JALA\\Backend\\project\\chess\\src\\models\\Pawn.ts","statementMap":{"0":{"start":{"line":1,"column":0},"end":{"line":1,"column":28}},"1":{"start":{"line":6,"column":12},"end":{"line":6,"column":31}},"2":{"start":{"line":7,"column":12},"end":{"line":7,"column":38}},"3":{"start":{"line":10,"column":8},"end":{"line":10,"column":31}},"4":{"start":{"line":14,"column":29},"end":{"line":14,"column":73}},"5":{"start":{"line":15,"column":29},"end":{"line":15,"column":73}},"6":{"start":{"line":16,"column":8},"end":{"line":16,"column":116}},"7":{"start":{"line":21,"column":8},"end":{"line":22,"column":28}},"8":{"start":{"line":22,"column":12},"end":{"line":22,"column":28}},"9":{"start":{"line":24,"column":22},"end":{"line":24,"column":59}},"10":{"start":{"line":25,"column":23},"end":{"line":25,"column":59}},"11":{"start":{"line":27,"column":8},"end":{"line":27,"column":35}},"12":{"start":{"line":4,"column":0},"end":{"line":4,"column":21}}},"fnMap":{"0":{"name":"(anonymous_1)","decl":{"start":{"line":4,"column":0},"end":{"line":4,"column":21}},"loc":{"start":{"line":4,"column":0},"end":{"line":29,"column":1}}},"1":{"name":"(anonymous_2)","decl":{"start":{"line":9,"column":4},"end":{"line":9,"column":18}},"loc":{"start":{"line":9,"column":18},"end":{"line":11,"column":5}}},"2":{"name":"(anonymous_3)","decl":{"start":{"line":13,"column":4},"end":{"line":13,"column":12}},"loc":{"start":{"line":13,"column":47},"end":{"line":17,"column":5}}},"3":{"name":"(anonymous_4)","decl":{"start":{"line":19,"column":4},"end":{"line":19,"column":11}},"loc":{"start":{"line":19,"column":30},"end":{"line":28,"column":5}}}},"branchMap":{"0":{"loc":{"start":{"line":16,"column":15},"end":{"line":16,"column":115}},"type":"binary-expr","locations":[{"start":{"line":16,"column":16},"end":{"line":16,"column":34}},{"start":{"line":16,"column":38},"end":{"line":16,"column":56}},{"start":{"line":16,"column":62},"end":{"line":16,"column":86}},{"start":{"line":16,"column":90},"end":{"line":16,"column":114}}]},"1":{"loc":{"start":{"line":21,"column":8},"end":{"line":22,"column":28}},"type":"if","locations":[{"start":{"line":21,"column":8},"end":{"line":22,"column":28}}]},"2":{"loc":{"start":{"line":27,"column":15},"end":{"line":27,"column":34}},"type":"binary-expr","locations":[{"start":{"line":27,"column":15},"end":{"line":27,"column":22}},{"start":{"line":27,"column":26},"end":{"line":27,"column":34}}]}},"s":{"0":1,"1":1,"2":1,"3":1,"4":5,"5":5,"6":5,"7":5,"8":3,"9":5,"10":5,"11":5,"12":1},"f":{"0":1,"1":1,"2":5,"3":5},"b":{"0":[5,4,4,3],"1":[3],"2":[5,4]}}
,"C:\\Users\\Usuario\\Documents\\Fundacion JALA\\Backend\\project\\chess\\src\\models\\Piece.ts": {"path":"C:\\Users\\Usuario\\Documents\\Fundacion JALA\\Backend\\project\\chess\\src\\models\\Piece.ts","statementMap":{"0":{"start":{"line":2,"column":0},"end":{"line":2,"column":34}},"1":{"start":{"line":7,"column":33},"end":{"line":7,"column":45}},"2":{"start":{"line":7,"column":55},"end":{"line":7,"column":65}},"3":{"start":{"line":7,"column":75},"end":{"line":7,"column":85}},"4":{"start":{"line":8,"column":8},"end":{"line":8,"column":49}},"5":{"start":{"line":12,"column":8},"end":{"line":12,"column":33}},"6":{"start":{"line":17,"column":8},"end":{"line":17,"column":61}},"7":{"start":{"line":22,"column":8},"end":{"line":22,"column":61}},"8":{"start":{"line":26,"column":29},"end":{"line":26,"column":83}},"9":{"start":{"line":27,"column":29},"end":{"line":27,"column":83}},"10":{"start":{"line":28,"column":8},"end":{"line":28,"column":116}},"11":{"start":{"line":32,"column":29},"end":{"line":32,"column":83}},"12":{"start":{"line":33,"column":29},"end":{"line":33,"column":83}},"13":{"start":{"line":34,"column":8},"end":{"line":34,"column":48}},"14":{"start":{"line":4,"column":0},"end":{"line":4,"column":30}}},"fnMap":{"0":{"name":"(anonymous_1)","decl":{"start":{"line":7,"column":4},"end":{"line":7,"column":33}},"loc":{"start":{"line":7,"column":85},"end":{"line":9,"column":5}}},"1":{"name":"(anonymous_2)","decl":{"start":{"line":11,"column":4},"end":{"line":11,"column":10}},"loc":{"start":{"line":11,"column":29},"end":{"line":13,"column":5}}},"2":{"name":"(anonymous_3)","decl":{"start":{"line":15,"column":4},"end":{"line":15,"column":13}},"loc":{"start":{"line":15,"column":52},"end":{"line":18,"column":5}}},"3":{"name":"(anonymous_4)","decl":{"start":{"line":20,"column":4},"end":{"line":20,"column":14}},"loc":{"start":{"line":20,"column":53},"end":{"line":23,"column":5}}},"4":{"name":"(anonymous_5)","decl":{"start":{"line":25,"column":4},"end":{"line":25,"column":12}},"loc":{"start":{"line":25,"column":47},"end":{"line":29,"column":5}}},"5":{"name":"(anonymous_6)","decl":{"start":{"line":31,"column":4},"end":{"line":31,"column":20}},"loc":{"start":{"line":31,"column":39},"end":{"line":35,"column":5}}}},"branchMap":{"0":{"loc":{"start":{"line":15,"column":34},"end":{"line":15,"column":52}},"type":"default-arg","locations":[{"start":{"line":15,"column":51},"end":{"line":15,"column":52}}]},"1":{"loc":{"start":{"line":20,"column":35},"end":{"line":20,"column":53}},"type":"default-arg","locations":[{"start":{"line":20,"column":52},"end":{"line":20,"column":53}}]},"2":{"loc":{"start":{"line":28,"column":15},"end":{"line":28,"column":115}},"type":"binary-expr","locations":[{"start":{"line":28,"column":16},"end":{"line":28,"column":34}},{"start":{"line":28,"column":38},"end":{"line":28,"column":62}},{"start":{"line":28,"column":68},"end":{"line":28,"column":86}},{"start":{"line":28,"column":90},"end":{"line":28,"column":114}}]}},"s":{"0":6,"1":6,"2":6,"3":6,"4":6,"5":0,"6":22,"7":17,"8":17,"9":17,"10":17,"11":8,"12":8,"13":8,"14":6},"f":{"0":6,"1":0,"2":22,"3":17,"4":17,"5":8},"b":{"0":[0],"1":[0],"2":[17,8,10,5]}}
,"C:\\Users\\Usuario\\Documents\\Fundacion JALA\\Backend\\project\\chess\\src\\models\\Position.ts": {"path":"C:\\Users\\Usuario\\Documents\\Fundacion JALA\\Backend\\project\\chess\\src\\models\\Position.ts","statementMap":{"0":{"start":{"line":4,"column":24},"end":{"line":4,"column":34}},"1":{"start":{"line":4,"column":44},"end":{"line":4,"column":54}},"2":{"start":{"line":6,"column":8},"end":{"line":6,"column":39}},"3":{"start":{"line":9,"column":8},"end":{"line":9,"column":25}},"4":{"start":{"line":3,"column":0},"end":{"line":3,"column":21}}},"fnMap":{"0":{"name":"(anonymous_0)","decl":{"start":{"line":4,"column":4},"end":{"line":4,"column":24}},"loc":{"start":{"line":4,"column":54},"end":{"line":4,"column":59}}},"1":{"name":"(anonymous_1)","decl":{"start":{"line":5,"column":4},"end":{"line":5,"column":11}},"loc":{"start":{"line":5,"column":11},"end":{"line":7,"column":5}}},"2":{"name":"(anonymous_2)","decl":{"start":{"line":8,"column":4},"end":{"line":8,"column":11}},"loc":{"start":{"line":8,"column":11},"end":{"line":10,"column":5}}}},"branchMap":{},"s":{"0":32,"1":32,"2":108,"3":106,"4":6},"f":{"0":32,"1":108,"2":106},"b":{}}
,"C:\\Users\\Usuario\\Documents\\Fundacion JALA\\Backend\\project\\chess\\src\\models\\Queen.ts": {"path":"C:\\Users\\Usuario\\Documents\\Fundacion JALA\\Backend\\project\\chess\\src\\models\\Queen.ts","statementMap":{"0":{"start":{"line":1,"column":0},"end":{"line":1,"column":28}},"1":{"start":{"line":6,"column":12},"end":{"line":6,"column":31}},"2":{"start":{"line":10,"column":22},"end":{"line":10,"column":59}},"3":{"start":{"line":11,"column":23},"end":{"line":11,"column":61}},"4":{"start":{"line":12,"column":23},"end":{"line":12,"column":59}},"5":{"start":{"line":13,"column":31},"end":{"line":13,"column":62}},"6":{"start":{"line":15,"column":8},"end":{"line":15,"column":97}},"7":{"start":{"line":4,"column":0},"end":{"line":4,"column":21}}},"fnMap":{"0":{"name":"(anonymous_1)","decl":{"start":{"line":4,"column":0},"end":{"line":4,"column":21}},"loc":{"start":{"line":4,"column":0},"end":{"line":17,"column":1}}},"1":{"name":"(anonymous_2)","decl":{"start":{"line":8,"column":4},"end":{"line":8,"column":11}},"loc":{"start":{"line":8,"column":30},"end":{"line":16,"column":5}}}},"branchMap":{"0":{"loc":{"start":{"line":15,"column":15},"end":{"line":15,"column":96}},"type":"binary-expr","locations":[{"start":{"line":15,"column":16},"end":{"line":15,"column":23}},{"start":{"line":15,"column":27},"end":{"line":15,"column":35}},{"start":{"line":15,"column":40},"end":{"line":15,"column":62}},{"start":{"line":15,"column":66},"end":{"line":15,"column":82}},{"start":{"line":15,"column":88},"end":{"line":15,"column":96}}]},"1":{"loc":{"start":{"line":15,"column":42},"end":{"line":15,"column":61}},"type":"binary-expr","locations":[{"start":{"line":15,"column":42},"end":{"line":15,"column":49}},{"start":{"line":15,"column":53},"end":{"line":15,"column":61}}]}},"s":{"0":1,"1":1,"2":4,"3":4,"4":4,"5":4,"6":4,"7":1},"f":{"0":1,"1":4},"b":{"0":[4,2,1,1,3],"1":[1,0]}}
,"C:\\Users\\Usuario\\Documents\\Fundacion JALA\\Backend\\project\\chess\\src\\models\\Rook.ts": {"path":"C:\\Users\\Usuario\\Documents\\Fundacion JALA\\Backend\\project\\chess\\src\\models\\Rook.ts","statementMap":{"0":{"start":{"line":1,"column":0},"end":{"line":1,"column":28}},"1":{"start":{"line":6,"column":12},"end":{"line":6,"column":31}},"2":{"start":{"line":10,"column":22},"end":{"line":10,"column":59}},"3":{"start":{"line":11,"column":23},"end":{"line":11,"column":61}},"4":{"start":{"line":12,"column":23},"end":{"line":12,"column":59}},"5":{"start":{"line":14,"column":8},"end":{"line":14,"column":49}},"6":{"start":{"line":4,"column":0},"end":{"line":4,"column":21}}},"fnMap":{"0":{"name":"(anonymous_1)","decl":{"start":{"line":4,"column":0},"end":{"line":4,"column":21}},"loc":{"start":{"line":4,"column":0},"end":{"line":16,"column":1}}},"1":{"name":"(anonymous_2)","decl":{"start":{"line":8,"column":4},"end":{"line":8,"column":11}},"loc":{"start":{"line":8,"column":30},"end":{"line":15,"column":5}}}},"branchMap":{"0":{"loc":{"start":{"line":14,"column":15},"end":{"line":14,"column":48}},"type":"binary-expr","locations":[{"start":{"line":14,"column":16},"end":{"line":14,"column":23}},{"start":{"line":14,"column":27},"end":{"line":14,"column":35}},{"start":{"line":14,"column":40},"end":{"line":14,"column":48}}]}},"s":{"0":1,"1":1,"2":4,"3":4,"4":4,"5":4,"6":1},"f":{"0":1,"1":4},"b":{"0":[4,2,3]}}
}
