TN:
SF:src\models\Bishop.ts
FN:4,(anonymous_1)
FN:8,(anonymous_2)
FNF:2
FNH:2
FNDA:1,(anonymous_1)
FNDA:4,(anonymous_2)
DA:1,1
DA:4,1
DA:6,1
DA:10,4
DA:11,4
DA:12,4
DA:13,4
DA:15,4
LF:8
LH:8
BRDA:15,0,0,4
BRDA:15,0,1,3
BRDA:15,0,2,1
BRDA:15,1,0,4
BRDA:15,1,1,2
BRF:5
BRH:5
end_of_record
TN:
SF:src\models\King.ts
FN:4,(anonymous_1)
FN:8,(anonymous_2)
FNF:2
FNH:2
FNDA:1,(anonymous_1)
FNDA:5,(anonymous_2)
DA:1,1
DA:4,1
DA:6,1
DA:10,5
DA:11,5
DA:12,5
DA:14,5
LF:7
LH:7
BRDA:14,0,0,5
BRDA:14,0,1,2
BRDA:14,0,2,0
BRDA:14,0,3,5
BRDA:14,1,0,0
BRDA:14,1,1,0
BRF:6
BRH:3
end_of_record
TN:
SF:src\models\Knight.ts
FN:6,(anonymous_1)
FNF:1
FNH:1
FNDA:4,(anonymous_1)
DA:1,1
DA:4,1
DA:7,4
LF:3
LH:3
BRDA:7,0,0,4
BRDA:7,0,1,2
BRDA:7,0,2,2
BRDA:7,0,3,0
BRF:4
BRH:3
end_of_record
TN:
SF:src\models\Pawn.ts
FN:4,(anonymous_1)
FN:9,(anonymous_2)
FN:13,(anonymous_3)
FN:19,(anonymous_4)
FNF:4
FNH:4
FNDA:1,(anonymous_1)
FNDA:1,(anonymous_2)
FNDA:5,(anonymous_3)
FNDA:5,(anonymous_4)
DA:1,1
DA:4,1
DA:6,1
DA:7,1
DA:10,1
DA:14,5
DA:15,5
DA:16,5
DA:21,5
DA:22,3
DA:24,5
DA:25,5
DA:27,5
LF:13
LH:13
BRDA:16,0,0,5
BRDA:16,0,1,4
BRDA:16,0,2,4
BRDA:16,0,3,3
BRDA:21,1,0,3
BRDA:27,2,0,5
BRDA:27,2,1,4
BRF:7
BRH:7
end_of_record
TN:
SF:src\models\Piece.ts
FN:7,(anonymous_1)
FN:11,(anonymous_2)
FN:15,(anonymous_3)
FN:20,(anonymous_4)
FN:25,(anonymous_5)
FN:31,(anonymous_6)
FNF:6
FNH:5
FNDA:6,(anonymous_1)
FNDA:0,(anonymous_2)
FNDA:22,(anonymous_3)
FNDA:17,(anonymous_4)
FNDA:17,(anonymous_5)
FNDA:8,(anonymous_6)
DA:2,6
DA:4,6
DA:7,6
DA:8,6
DA:12,0
DA:17,22
DA:22,17
DA:26,17
DA:27,17
DA:28,17
DA:32,8
DA:33,8
DA:34,8
LF:13
LH:12
BRDA:15,0,0,0
BRDA:20,1,0,0
BRDA:28,2,0,17
BRDA:28,2,1,8
BRDA:28,2,2,10
BRDA:28,2,3,5
BRF:6
BRH:4
end_of_record
TN:
SF:src\models\Position.ts
FN:4,(anonymous_0)
FN:5,(anonymous_1)
FN:8,(anonymous_2)
FNF:3
FNH:3
FNDA:32,(anonymous_0)
FNDA:108,(anonymous_1)
FNDA:106,(anonymous_2)
DA:3,6
DA:4,32
DA:6,108
DA:9,106
LF:4
LH:4
BRF:0
BRH:0
end_of_record
TN:
SF:src\models\Queen.ts
FN:4,(anonymous_1)
FN:8,(anonymous_2)
FNF:2
FNH:2
FNDA:1,(anonymous_1)
FNDA:4,(anonymous_2)
DA:1,1
DA:4,1
DA:6,1
DA:10,4
DA:11,4
DA:12,4
DA:13,4
DA:15,4
LF:8
LH:8
BRDA:15,0,0,4
BRDA:15,0,1,2
BRDA:15,0,2,1
BRDA:15,0,3,1
BRDA:15,0,4,3
BRDA:15,1,0,1
BRDA:15,1,1,0
BRF:7
BRH:6
end_of_record
TN:
SF:src\models\Rook.ts
FN:4,(anonymous_1)
FN:8,(anonymous_2)
FNF:2
FNH:2
FNDA:1,(anonymous_1)
FNDA:4,(anonymous_2)
DA:1,1
DA:4,1
DA:6,1
DA:10,4
DA:11,4
DA:12,4
DA:14,4
LF:7
LH:7
BRDA:14,0,0,4
BRDA:14,0,1,2
BRDA:14,0,2,3
BRF:3
BRH:3
end_of_record
